<?xml version="1.0" encoding="UTF-8"?>
<!-- Generated by org.testng.reporters.JUnitReportReporter -->
<testsuite hostname="LAPTOP-SU570FMD" failures="0" tests="2" name="testCases.LogoutTest" time="21.336" errors="0" timestamp="2024-03-05T17:31:27 GMT-08:00" skipped="0">
  <testcase classname="testCases.LogoutTest" name="LogoutButtonCheck" time="10.204"/>
  <system-out/>
  <testcase classname="testCases.LogoutTest" name="LogOutbuttontest" time="11.132"/>
  <system-out/>
</testsuite> <!-- testCases.LogoutTest -->
