<?xml version="1.0" encoding="UTF-8"?>
<!-- Generated by org.testng.reporters.JUnitReportReporter -->
<testsuite hostname="LAPTOP-SU570FMD" failures="0" tests="5" name="testCases.TransferFundsTest" time="56.136" errors="0" timestamp="2024-03-05T17:27:42 GMT-08:00" skipped="0">
  <testcase classname="testCases.TransferFundsTest" name="TransferResultsTest" time="11.982"/>
  <system-out/>
  <testcase classname="testCases.TransferFundsTest" name="ValidateTransferCompletion" time="11.427"/>
  <system-out/>
  <testcase classname="testCases.TransferFundsTest" name="TransferfundsTitle" time="10.008"/>
  <system-out/>
  <testcase classname="testCases.TransferFundsTest" name="TransferTest" time="11.256"/>
  <system-out/>
  <testcase classname="testCases.TransferFundsTest" name="EmptyAmount" time="11.463"/>
  <system-out/>
</testsuite> <!-- testCases.TransferFundsTest -->
